<?xml version="1.0" encoding="UTF-8"?>
<!-- Generated by org.testng.reporters.JUnitReportReporter -->
<testsuite hostname="RAMYA-S" failures="0" tests="3" name="testScripts.PlaceOrderTest" time="3.623" errors="0" timestamp="2023-05-12T18:30:52 IST" skipped="0">
  <testcase classname="testScripts.PlaceOrderTest" name="addItemTest" time="1.017"/>
  <system-out/>
  <testcase classname="testScripts.PlaceOrderTest" name="formchkPage" time="0.520"/>
  <system-out/>
  <testcase classname="testScripts.PlaceOrderTest" name="checkOutTest" time="2.086"/>
  <system-out/>
</testsuite> <!-- testScripts.PlaceOrderTest -->
